<?xml version="1.0" encoding="UTF-8"?>
<!-- Generated by org.testng.reporters.JUnitXMLReporter -->
<testsuite hostname="AlokSingh" ignored="0" name="Compose an Email as a Draft and then send it later" tests="5" failures="0" timestamp="19 Jun 2019 05:21:16 GMT" time="101.01" errors="0">
  <testcase name="launchGmailAndLogin" time="38.506" classname="com.alok.SeleniumTestFramework.GmailTests.TestScenario3"/>
  <testcase name="composeAnEmailWithoutSavingIt" time="4.902" classname="com.alok.SeleniumTestFramework.GmailTests.TestScenario3"/>
  <testcase name="searchInDraftsAndOpentheComposedEmail" time="19.079" classname="com.alok.SeleniumTestFramework.GmailTests.TestScenario3"/>
  <testcase name="modifyTheEmailByUploadingFileAndSend" time="15.28" classname="com.alok.SeleniumTestFramework.GmailTests.TestScenario3"/>
  <testcase name="logout" time="15.766" classname="com.alok.SeleniumTestFramework.GmailTests.TestScenario3"/>
</testsuite> <!-- Compose an Email as a Draft and then send it later -->
