<?xml version="1.0" encoding="UTF-8"?>
<!-- Generated by org.testng.reporters.JUnitXMLReporter -->
<testsuite hostname="AlokSingh" ignored="0" name="Test" tests="1" failures="1" timestamp="02 Jun 2019 10:14:13 GMT" time="12.89" errors="0">
  <testcase name="testGmailLogin" time="5.401" classname="com.alok.SeleniumTestFramework.GmailTests.TestScripts">
    <failure type="java.lang.NullPointerException">
      <![CDATA[java.lang.NullPointerException
at java.util.Objects.requireNonNull(Objects.java:203)
at org.openqa.selenium.support.ui.FluentWait.<init>(FluentWait.java:115)
at org.openqa.selenium.support.ui.WebDriverWait.<init>(WebDriverWait.java:102)
at org.openqa.selenium.support.ui.WebDriverWait.<init>(WebDriverWait.java:45)
at com.alok.SeleniumTestFramework.Pages.BasePage.<init>(BasePage.java:9)
at com.alok.SeleniumTestFramework.Pages.Gmail.EmailIDPage.<init>(EmailIDPage.java:13)
at com.alok.SeleniumTestFramework.GmailTests.TestScripts.testGmailLogin(TestScripts.java:18)
... Removed 25 stack frames]]>
    </failure>
  </testcase> <!-- testGmailLogin -->
</testsuite> <!-- Test -->
