<?xml version="1.0" encoding="UTF-8"?>
<!-- Generated by org.testng.reporters.JUnitXMLReporter -->
<testsuite hostname="AlokSingh" ignored="0" name="Test Compose Functionality" tests="4" failures="0" timestamp="03 Jun 2019 01:52:43 GMT" time="85.506" errors="0">
  <testcase name="testGmailLogin" time="7.024" classname="com.alok.SeleniumTestFramework.GmailTests.TestScenario1"/>
  <testcase name="testComposeEmail" time="34.534" classname="com.alok.SeleniumTestFramework.GmailTests.TestScenario1"/>
  <testcase name="testVerifyEmailHasBeenSent" time="10.328" classname="com.alok.SeleniumTestFramework.GmailTests.TestScenario1"/>
  <testcase name="testLogOut" time="1.196" classname="com.alok.SeleniumTestFramework.GmailTests.TestScenario1"/>
</testsuite> <!-- Test Compose Functionality -->
