<?xml version="1.0" encoding="UTF-8"?>
<!-- Generated by org.testng.reporters.JUnitXMLReporter -->
<testsuite hostname="AlokSingh" ignored="0" name="Test Search and Delete Mails" tests="4" failures="0" timestamp="05 Jun 2019 12:09:51 GMT" time="47.245" errors="0">
  <testcase name="searchEmails" time="22.302" classname="com.alok.SeleniumTestFramework.GmailTests.TestScenario2"/>
  <testcase name="selectEmailsAndMoveThemToTrash" time="2.552" classname="com.alok.SeleniumTestFramework.GmailTests.TestScenario2"/>
  <testcase name="goToTrashArea" time="2.395" classname="com.alok.SeleniumTestFramework.GmailTests.TestScenario2"/>
  <testcase name="verifyDeletedEmailsInTrashAndRemovingForever" time="8.55" classname="com.alok.SeleniumTestFramework.GmailTests.TestScenario2"/>
</testsuite> <!-- Test Search and Delete Mails -->
