<?xml version="1.0" encoding="UTF-8"?>
<!-- Generated by org.testng.reporters.JUnitXMLReporter -->
<testsuite hostname="AlokSingh" ignored="0" name="Test Compose and Send the Email" tests="4" failures="0" timestamp="05 Jun 2019 12:09:04 GMT" time="50.903" errors="0">
  <testcase name="testGmailLogin" time="2.376" classname="com.alok.SeleniumTestFramework.GmailTests.TestScenario1"/>
  <testcase name="testComposeEmail" time="25.441" classname="com.alok.SeleniumTestFramework.GmailTests.TestScenario1"/>
  <testcase name="testVerifyEmailSent" time="10.98" classname="com.alok.SeleniumTestFramework.GmailTests.TestScenario1"/>
  <testcase name="testLogOut" time="0.944" classname="com.alok.SeleniumTestFramework.GmailTests.TestScenario1"/>
</testsuite> <!-- Test Compose and Send the Email -->
